2022-12-07 11:50:56:Warning: Use of undefined constant ZZZZDUMMY_DB_CONNECTION - assumed 'ZZZZDUMMY_DB_CONNECTION' (this will throw an Error in a future version of PHP) in /var/www/html/magento242/app/code/Redgecko/MagnalisterLibrary/Codepool/70_Shop/ZzzzDummy/Model/Shop.php on line 26
#0 /var/www/html/magento242/app/code/Redgecko/MagnalisterLibrary/Codepool/70_Shop/ZzzzDummy/Model/Shop.php(26): Magento\Framework\App\ErrorHandler->handler()
#1 /var/www/html/magento242/app/code/Redgecko/MagnalisterLibrary/Codepool/90_System/Database/Model/Db.php(68): ML_ZzzzDummy_Model_Shop->getDbConnection()
#2 /var/www/html/magento242/app/code/Redgecko/MagnalisterLibrary/Codepool/90_System/Database/Model/Db.php(135): ML_Database_Model_Db->__construct()
#3 /var/www/html/magento242/app/code/Redgecko/MagnalisterLibrary/Core/ML.php(500): ML_Database_Model_Db::gi()
#4 /var/www/html/magento242/app/code/Redgecko/MagnalisterLibrary/Core/ML.php(442): ML->factory()
#5 /var/www/html/magento242/app/code/Redgecko/MagnalisterLibrary/Alias/Database.php(73): ML->instance()
#6 /var/www/html/magento242/app/code/Redgecko/MagnalisterLibrary/Codepool/90_System/Database/Model/Query/Select.php(69): MLDatabase::getDbInstance()
#7 /var/www/html/magento242/app/code/Redgecko/MagnalisterLibrary/Core/ML.php(502): ML_Database_Model_Query_Select->__construct()
#8 /var/www/html/magento242/app/code/Redgecko/MagnalisterLibrary/Alias/Database.php(65): ML->factory()
#9 /var/www/html/magento242/app/code/Redgecko/MagnalisterLibrary/Codepool/90_System/Database/Model/List.php(31): MLDatabase::factorySelectClass()
#10 /var/www/html/magento242/app/code/Redgecko/MagnalisterLibrary/Codepool/90_System/Database/Model/List.php(27): ML_Database_Model_List->init()
#11 /var/www/html/magento242/app/code/Redgecko/MagnalisterLibrary/Core/ML.php(502): ML_Database_Model_List->__construct()
#12 /var/www/html/magento242/app/code/Redgecko/MagnalisterLibrary/Codepool/90_System/Database/Model/Table/Abstract.php(464): ML->factory()
#13 /var/www/html/magento242/app/code/Redgecko/MagnalisterLibrary/Codepool/90_System/Database/Model/Table/Abstract.php(111): ML_Database_Model_Table_Abstract->getList()
#14 /var/www/html/magento242/app/code/Redgecko/MagnalisterLibrary/Codepool/90_System/Database/Model/Table/ApiRequest.php(22): ML_Database_Model_Table_Abstract->runOncePerRequest()
#15 /var/www/html/magento242/app/code/Redgecko/MagnalisterLibrary/Codepool/90_System/Database/Model/Table/Abstract.php(104): ML_Database_Model_Table_ApiRequest->runOncePerRequest()
#16 /var/www/html/magento242/app/code/Redgecko/MagnalisterLibrary/Core/ML.php(502): ML_Database_Model_Table_Abstract->__construct()
#17 /var/www/html/magento242/app/code/Redgecko/MagnalisterLibrary/Alias/Database.php(32): ML->factory()
#18 /var/www/html/magento242/app/code/Redgecko/MagnalisterLibrary/Codepool/90_System/Database/Init/database.php(31): MLDatabase::factory()
#19 /var/www/html/magento242/app/code/Redgecko/MagnalisterLibrary/Core/ML.php(289): include('/var/www/html/m...')
#20 /var/www/html/magento242/app/code/Redgecko/MagnalisterLibrary/Core/ML.php(193): ML->init()
#21 /var/www/html/magento242/app/code/Redgecko/MagnalisterLibrary/Alias/Http.php(31): ML::gi()
#22 /var/www/html/magento242/app/code/Redgecko/MagnalisterLibrary/Core/Request.php(42): MLHttp::gi()
#23 /var/www/html/magento242/app/code/Redgecko/MagnalisterLibrary/Core/Registry/Abstract.php(90): MLRequest->bootstrap()
#24 /var/www/html/magento242/app/code/Redgecko/MagnalisterLibrary/Core/Request.php(34): MLRegistry_Abstract::getInstance()
#25 /var/www/html/magento242/app/code/Redgecko/MagnalisterLibrary/Core/ML.php(175): MLRequest::gi()
#26 /var/www/html/magento242/app/code/Redgecko/Magnalister/Controller/Adminhtml/Iframe/Index.php(53): ML::gi()
#27 /var/www/html/magento242/app/code/Redgecko/Magnalister/Controller/Adminhtml/Iframe/Index.php(26): Redgecko\Magnalister\Controller\Adminhtml\Iframe\Index->DisplayMagnalister()
#28 /var/www/html/magento242/vendor/magento/framework/Interception/Interceptor.php(58): Redgecko\Magnalister\Controller\Adminhtml\Iframe\Index->execute()
#29 /var/www/html/magento242/vendor/magento/framework/Interception/Interceptor.php(138): Redgecko\Magnalister\Controller\Adminhtml\Iframe\Index\Interceptor->___callParent()
#30 /var/www/html/magento242/vendor/magento/framework/App/Action/Plugin/ActionFlagNoDispatchPlugin.php(51): Redgecko\Magnalister\Controller\Adminhtml\Iframe\Index\Interceptor->Magento\Framework\Interception\{closure}()
#31 /var/www/html/magento242/vendor/magento/framework/Interception/Interceptor.php(135): Magento\Framework\App\Action\Plugin\ActionFlagNoDispatchPlugin->aroundExecute()
#32 /var/www/html/magento242/vendor/magento/framework/Interception/Interceptor.php(153): Redgecko\Magnalister\Controller\Adminhtml\Iframe\Index\Interceptor->Magento\Framework\Interception\{closure}()
#33 /var/www/html/magento242/generated/code/Redgecko/Magnalister/Controller/Adminhtml/Iframe/Index/Interceptor.php(23): Redgecko\Magnalister\Controller\Adminhtml\Iframe\Index\Interceptor->___callPlugins()
#34 /var/www/html/magento242/vendor/magento/framework/App/Action/Action.php(111): Redgecko\Magnalister\Controller\Adminhtml\Iframe\Index\Interceptor->execute()
#35 /var/www/html/magento242/vendor/magento/module-backend/App/AbstractAction.php(151): Magento\Framework\App\Action\Action->dispatch()
#36 /var/www/html/magento242/vendor/magento/framework/Interception/Interceptor.php(58): Magento\Backend\App\AbstractAction->dispatch()
#37 /var/www/html/magento242/vendor/magento/framework/Interception/Interceptor.php(138): Redgecko\Magnalister\Controller\Adminhtml\Iframe\Index\Interceptor->___callParent()
#38 /var/www/html/magento242/vendor/magento/module-backend/App/Action/Plugin/Authentication.php(143): Redgecko\Magnalister\Controller\Adminhtml\Iframe\Index\Interceptor->Magento\Framework\Interception\{closure}()
#39 /var/www/html/magento242/vendor/magento/framework/Interception/Interceptor.php(135): Magento\Backend\App\Action\Plugin\Authentication->aroundDispatch()
#40 /var/www/html/magento242/vendor/magento/framework/Interception/Interceptor.php(153): Redgecko\Magnalister\Controller\Adminhtml\Iframe\Index\Interceptor->Magento\Framework\Interception\{closure}()
#41 /var/www/html/magento242/generated/code/Redgecko/Magnalister/Controller/Adminhtml/Iframe/Index/Interceptor.php(32): Redgecko\Magnalister\Controller\Adminhtml\Iframe\Index\Interceptor->___callPlugins()
#42 /var/www/html/magento242/vendor/magento/framework/App/FrontController.php(186): Redgecko\Magnalister\Controller\Adminhtml\Iframe\Index\Interceptor->dispatch()
#43 /var/www/html/magento242/vendor/magento/framework/App/FrontController.php(118): Magento\Framework\App\FrontController->processRequest()
#44 /var/www/html/magento242/vendor/magento/framework/Interception/Interceptor.php(58): Magento\Framework\App\FrontController->dispatch()
#45 /var/www/html/magento242/vendor/magento/framework/Interception/Interceptor.php(138): Magento\Framework\App\FrontController\Interceptor->___callParent()
#46 /var/www/html/magento242/vendor/magento/framework/Interception/Interceptor.php(153): Magento\Framework\App\FrontController\Interceptor->Magento\Framework\Interception\{closure}()
#47 /var/www/html/magento242/generated/code/Magento/Framework/App/FrontController/Interceptor.php(23): Magento\Framework\App\FrontController\Interceptor->___callPlugins()
#48 /var/www/html/magento242/vendor/magento/framework/App/Http.php(116): Magento\Framework\App\FrontController\Interceptor->dispatch()
#49 /var/www/html/magento242/vendor/magento/framework/App/Bootstrap.php(263): Magento\Framework\App\Http->launch()
#50 /var/www/html/magento242/pub/index.php(29): Magento\Framework\App\Bootstrap->run()
#51 {main}

